jsevaluator/build/intermediates/manifest_merge_blame_file/debug/manifest-merger-blame-debug-report.txt
1<?xml version="1.0" encoding="utf-8"?>
2<manifest xmlns:android="http://schemas.android.com/apk/res/android"
3    package="com.evgenii.jsevaluator" >
4
5    <uses-sdk
6        android:minSdkVersion="21"
6-->src\main\AndroidManifest.xml
7        android:targetSdkVersion="31" />
7-->src\main\AndroidManifest.xml
8
9    <application
9-->src\main\AndroidManifest.xml:4:5-6:19
10        android:allowBackup="true"
10-->src\main\AndroidManifest.xml:4:18-44
11        android:label="@string/app_name" >
11-->src\main\AndroidManifest.xml:4:45-77
12    </application>
13
14</manifest>